<?xml version="1.0" encoding="UTF-8"?>
<testng-results ignored="1" total="2" passed="1" failed="0" skipped="0">
  <reporter-output>
  </reporter-output>
  <suite started-at="2022-12-17T17:08:13 IST" name="Default suite" finished-at="2022-12-17T17:08:13 IST" duration-ms="48">
    <groups>
    </groups>
    <test started-at="2022-12-17T17:08:13 IST" name="Default test" finished-at="2022-12-17T17:08:13 IST" duration-ms="48">
      <class name="createOrganizations.createOrg">
        <test-method signature="TC_216()[pri:0, instance:createOrganizations.createOrg@12b0404f]" started-at="2022-12-17T17:08:13 IST" name="TC_216" finished-at="2022-12-17T17:08:13 IST" duration-ms="9" status="PASS">
          <reporter-output>
          </reporter-output>
        </test-method> <!-- TC_216 -->
      </class> <!-- createOrganizations.createOrg -->
    </test> <!-- Default test -->
  </suite> <!-- Default suite -->
</testng-results>
